default zstd off for macos because:

/Users/micha/code/cmake-build-gcc/build/GCC-prefix/src/GCC-build/./gcc/xgcc -B/Users/micha/code/cmake-build-gcc/build/GCC-prefix/src/GCC-build/./gcc/ -fno-checking -xc++ -nostdinc /dev/null -S -o /dev/null -fself-test=/Users/micha/code/cmake-build-gcc/build/GCC-prefix/src/GCC/gcc/testsuite/selftests
dyld[62052]: Library not loaded: @rpath/libzstd.1.dylib
  Referenced from: <999CBC27-CE39-300E-9331-15FB86A7C145> /Users/micha/code/cmake-build-gcc/build/GCC-prefix/src/GCC-build/gcc/cc1
  Reason: tried: '/Users/micha/code/cmake-build-gcc/build/GCC-prefix/src/GCC-build/aarch64-apple-darwin23.3.0/libstdc++-v3/src/.libs/libzstd.1.dylib' (no such file), '/Users/micha/code/cmake-build-gcc/build/GCC-prefix/src/GCC-build/aarch64-apple-darwin23.3.0/libssp/.libs/libzstd.1.dylib' (no such file), '/Users/micha/code/cmake-build-gcc/build/GCC-prefix/src/GCC-build/aarch64-apple-darwin23.3.0/libgomp/.libs/libzstd.1.dylib' (no such file), '/Users/micha/code/cmake-build-gcc/build/GCC-prefix/src/GCC-build/aarch64-apple-darwin23.3.0/libitm/.libs/libzstd.1.dylib' (no such file), '/Users/micha/code/cmake-build-gcc/build/GCC-prefix/src/GCC-build/aarch64-apple-darwin23.3.0/libatomic/.libs/libzstd.1.dylib' (no such file), '/Users/micha/code/cmake-build-gcc/build/GCC-prefix/src/GCC-build/./gcc/libzstd.1.dylib' (no such file), '/Users/micha/code/cmake-build-gcc/build/GCC-prefix/src/GCC-build/./prev-gcc/libzstd.1.dylib' (no such file), '/usr/local/lib/libzstd.1.dylib' (no such file), '/System/Volumes/Preboot/Cryptexes/OS/usr/local/lib/libzstd.1.dylib' (no such file), '/Applications/Xcode.app/Contents/Developer/Platforms/MacOSX.platform/Developer/SDKs/MacOSX14.2.sdk/usr/lib/libzstd.1.dylib' (no such file), '/System/Volumes/Preboot/Cryptexes/OS/Applications/Xcode.app/Contents/Developer/Platforms/MacOSX.platform/Developer/SDKs/MacOSX14.2.sdk/usr/lib/libzstd.1.dylib' (no such file), '/usr/local/lib/libzstd.1.dylib' (no such file), '/System/Volumes/Preboot/Cryptexes/OS/usr/local/lib/libzstd.1.dylib' (no such file), '/Applications/Xcode.app/Contents/Developer/Platforms/MacOSX.platform/Developer/SDKs/MacOSX14.2.sdk/usr/lib/libzstd.1.dylib' (no such file), '/System/Volumes/Preboot/Cryptexes/OS/Applications/Xcode.app/Contents/Developer/Platforms/MacOSX.platform/Developer/SDKs/MacOSX14.2.sdk/usr/lib/libzstd.1.dylib' (no such file)
xgcc: internal compiler error: Abort trap: 6 signal terminated program cc1
Please submit a full bug report, with preprocessed source (by using -freport-bug).
See <https://gcc.gnu.org/bugs/> for instructions.
make[3]: *** [s-selftest-c] Error 4
make[3]: *** Waiting for unfinished jobs....
dyld[62053]: Library not loaded: @rpath/libzstd.1.dylib
  Referenced from: <25B62DC3-7C33-3C63-837C-7193DCD72F41> /Users/micha/code/cmake-build-gcc/build/GCC-prefix/src/GCC-build/gcc/cc1plus
  Reason: tried: '/Users/micha/code/cmake-build-gcc/build/GCC-prefix/src/GCC-build/aarch64-apple-darwin23.3.0/libstdc++-v3/src/.libs/libzstd.1.dylib' (no such file), '/Users/micha/code/cmake-build-gcc/build/GCC-prefix/src/GCC-build/aarch64-apple-darwin23.3.0/libssp/.libs/libzstd.1.dylib' (no such file), '/Users/micha/code/cmake-build-gcc/build/GCC-prefix/src/GCC-build/aarch64-apple-darwin23.3.0/libgomp/.libs/libzstd.1.dylib' (no such file), '/Users/micha/code/cmake-build-gcc/build/GCC-prefix/src/GCC-build/aarch64-apple-darwin23.3.0/libitm/.libs/libzstd.1.dylib' (no such file), '/Users/micha/code/cmake-build-gcc/build/GCC-prefix/src/GCC-build/aarch64-apple-darwin23.3.0/libatomic/.libs/libzstd.1.dylib' (no such file), '/Users/micha/code/cmake-build-gcc/build/GCC-prefix/src/GCC-build/./gcc/libzstd.1.dylib' (no such file), '/Users/micha/code/cmake-build-gcc/build/GCC-prefix/src/GCC-build/./prev-gcc/libzstd.1.dylib' (no such file), '/usr/local/lib/libzstd.1.dylib' (no such file), '/System/Volumes/Preboot/Cryptexes/OS/usr/local/lib/libzstd.1.dylib' (no such file), '/Applications/Xcode.app/Contents/Developer/Platforms/MacOSX.platform/Developer/SDKs/MacOSX14.2.sdk/usr/lib/libzstd.1.dylib' (no such file), '/System/Volumes/Preboot/Cryptexes/OS/Applications/Xcode.app/Contents/Developer/Platforms/MacOSX.platform/Developer/SDKs/MacOSX14.2.sdk/usr/lib/libzstd.1.dylib' (no such file), '/usr/local/lib/libzstd.1.dylib' (no such file), '/System/Volumes/Preboot/Cryptexes/OS/usr/local/lib/libzstd.1.dylib' (no such file), '/Applications/Xcode.app/Contents/Developer/Platforms/MacOSX.platform/Developer/SDKs/MacOSX14.2.sdk/usr/lib/libzstd.1.dylib' (no such file), '/System/Volumes/Preboot/Cryptexes/OS/Applications/Xcode.app/Contents/Developer/Platforms/MacOSX.platform/Developer/SDKs/MacOSX14.2.sdk/usr/lib/libzstd.1.dylib' (no such file)
xgcc: internal compiler error: Abort trap: 6 signal terminated program cc1plus
Please submit a full bug report, with preprocessed source (by using -freport-bug).
See <https://gcc.gnu.org/bugs/> for instructions.
make[3]: *** [s-selftest-c++] Error 4
rm gcov-dump.pod fsf-funding.pod lto-dump.pod gfdl.pod gpl.pod cpp.pod gcc.pod gcov-tool.pod gcov.pod
make[2]: *** [all-stage1-gcc] Error 2
make[1]: *** [stage1-bubble] Error 2
make: *** [all] Error 2
FAILED: GCC-prefix/src/GCC-stamp/GCC-build /Users/micha/code/cmake-build-gcc/build/GCC-prefix/src/GCC-stamp/GCC-build
cd /Users/micha/code/cmake-build-gcc/build/GCC-prefix/src/GCC-build && /usr/bin/make -j8 && /Applications/CMake.app/Contents/bin/cmake -E touch /Users/micha/code/cmake-build-gcc/build/GCC-prefix/src/GCC-stamp/GCC-build
ninja: build stopped: subcommand failed.
